<?xml version="1.0" encoding="UTF-8"?>
<!-- Generated by org.testng.reporters.JUnitXMLReporter -->
<testsuite ignored="0" hostname="LAPTOP-KS6UVGBE" failures="0" tests="15" name="ChromeTest" time="130.238" errors="0" timestamp="2024-02-05T21:34:30 IST">
  <testcase classname="testCase.LoginPageTest" name="verifyLoginWithInValidCredentials" time="1.407"/>
  <testcase classname="testCase.LoginPageTest" name="verifyLoginWithInValidCredentials" time="0.832"/>
  <testcase classname="testCase.LoginPageTest" name="verifyLoginWithInValidCredentials" time="0.936"/>
  <testcase classname="testCase.LoginPageTest" name="verifyLoginWithValidCredentials" time="1.61"/>
  <testcase classname="testCase.HomePageTest" name="homePage" time="4.136"/>
  <testcase classname="testCase.ManageLocationTest" name="tc01_VerifyAddNewLocation" time="5.008"/>
  <testcase classname="testCase.ManageLocationTest" name="tc02_SearchLocationInListVerify" time="3.636"/>
  <testcase classname="testCase.ManageLocationTest" name="tc03_EditLoctionVerify" time="3.837"/>
  <testcase classname="testCase.ManageLocationTest" name="tc04_DleteLocationAndVerifyBySearch" time="4.756"/>
  <testcase classname="testCase.ManageExpenseTest" name="tc01_VerifyExpenseCategoryNewTitleCreation" time="2.164"/>
  <testcase classname="testCase.ManageExpenseTest" name="tc02_SearchAndDeleteExpenseCategoryTitle" time="3.092"/>
  <testcase classname="testCase.ManageExpenseTest" name="tc03_AddNewExpenseVerification02" time="14.676"/>
  <testcase classname="testCase.ManageExpenseTest" name="tc04_SearchDataInExpenseTable" time="14.493"/>
  <testcase classname="testCase.ManageExpenseTest" name="tc05_EditExpenseSavedData03" time="5.983"/>
  <testcase classname="testCase.ManageExpenseTest" name="tc06_DeleteExpenseSavedDatainTable" time="2.165"/>
</testsuite> <!-- ChromeTest -->
