<?xml version="1.0" encoding="UTF-8"?>
<!-- Generated by org.testng.reporters.JUnitXMLReporter -->
<testsuite ignored="0" hostname="LAPTOP-KS6UVGBE" failures="0" tests="15" name="FireFoxTest" time="160.676" errors="0" timestamp="2024-02-05T21:35:00 IST">
  <testcase classname="testCase.LoginPageTest" name="verifyLoginWithInValidCredentials" time="0.999"/>
  <testcase classname="testCase.LoginPageTest" name="verifyLoginWithInValidCredentials" time="0.452"/>
  <testcase classname="testCase.LoginPageTest" name="verifyLoginWithInValidCredentials" time="0.612"/>
  <testcase classname="testCase.LoginPageTest" name="verifyLoginWithValidCredentials" time="1.297"/>
  <testcase classname="testCase.HomePageTest" name="homePage" time="2.765"/>
  <testcase classname="testCase.ManageLocationTest" name="tc01_VerifyAddNewLocation" time="5.15"/>
  <testcase classname="testCase.ManageLocationTest" name="tc02_SearchLocationInListVerify" time="2.515"/>
  <testcase classname="testCase.ManageLocationTest" name="tc03_EditLoctionVerify" time="3.009"/>
  <testcase classname="testCase.ManageLocationTest" name="tc04_DleteLocationAndVerifyBySearch" time="3.206"/>
  <testcase classname="testCase.ManageExpenseTest" name="tc01_VerifyExpenseCategoryNewTitleCreation" time="3.019"/>
  <testcase classname="testCase.ManageExpenseTest" name="tc02_SearchAndDeleteExpenseCategoryTitle" time="4.453"/>
  <testcase classname="testCase.ManageExpenseTest" name="tc03_AddNewExpenseVerification02" time="12.604"/>
  <testcase classname="testCase.ManageExpenseTest" name="tc04_SearchDataInExpenseTable" time="8.204"/>
  <testcase classname="testCase.ManageExpenseTest" name="tc05_EditExpenseSavedData03" time="4.147"/>
  <testcase classname="testCase.ManageExpenseTest" name="tc06_DeleteExpenseSavedDatainTable" time="2.781"/>
</testsuite> <!-- FireFoxTest -->
